C51 COMPILER V9.53.0.0   UART                                                              08/14/2019 16:05:54 PAGE 1   


C51 COMPILER V9.53.0.0, COMPILATION OF MODULE UART
OBJECT MODULE PLACED IN UART.OBJ
COMPILER INVOKED BY: C:\Keil_v5\C51\BIN\C51.exe UART.c DB OE BR INCDIR(C:\SiLabs\MCU\Inc)

line level    source

   1          #include "UART.h"
*** ERROR C202 IN LINE 11 OF MCU_IO.h: 'P0': undefined identifier
*** ERROR C202 IN LINE 12 OF MCU_IO.h: 'P0': undefined identifier
*** ERROR C202 IN LINE 13 OF MCU_IO.h: 'P0': undefined identifier
*** ERROR C202 IN LINE 17 OF MCU_IO.h: 'P1': undefined identifier
*** ERROR C202 IN LINE 18 OF MCU_IO.h: 'P1': undefined identifier
*** ERROR C202 IN LINE 19 OF MCU_IO.h: 'P1': undefined identifier
*** ERROR C202 IN LINE 20 OF MCU_IO.h: 'P1': undefined identifier
*** ERROR C202 IN LINE 21 OF MCU_IO.h: 'P1': undefined identifier
*** ERROR C202 IN LINE 22 OF MCU_IO.h: 'P1': undefined identifier
*** ERROR C202 IN LINE 23 OF MCU_IO.h: 'P1': undefined identifier
*** ERROR C202 IN LINE 24 OF MCU_IO.h: 'P1': undefined identifier
*** ERROR C202 IN LINE 27 OF MCU_IO.h: 'P2': undefined identifier
*** ERROR C202 IN LINE 28 OF MCU_IO.h: 'P2': undefined identifier
*** ERROR C202 IN LINE 29 OF MCU_IO.h: 'P2': undefined identifier
*** ERROR C202 IN LINE 30 OF MCU_IO.h: 'P2': undefined identifier
*** ERROR C202 IN LINE 35 OF MCU_IO.h: 'P2': undefined identifier
*** ERROR C202 IN LINE 37 OF MCU_IO.h: 'P2': undefined identifier
*** ERROR C202 IN LINE 41 OF MCU_IO.h: 'P3': undefined identifier
*** ERROR C202 IN LINE 43 OF MCU_IO.h: 'P3': undefined identifier
*** ERROR C202 IN LINE 45 OF MCU_IO.h: 'P3': undefined identifier
*** ERROR C202 IN LINE 47 OF MCU_IO.h: 'P3': undefined identifier
   2          
   3          
   4          void UART0_Interrupt (void) interrupt 4
   5          {
   6   1         /*
   7   1         if (RI0 == 1)
   8   1         {
   9   1            if( UART_Buffer_Size == 0)  
  10   1                {      // If new word is entered
  11   1               UART_Input_First = 0;   
  12   1                }
  13   1      
  14   1            RI0 = 0;                           // Clear interrupt flag
  15   1      
  16   1            Byte = SBUF0;                      // Read a character from UART
  17   1      
  18   1            if (UART_Buffer_Size < UART_BUFFERSIZE)
  19   1            {
  20   1               UART_Buffer[UART_Input_First] = Byte; // Store in array
  21   1      
  22   1               UART_Buffer_Size++;             // Update array's size
  23   1      
  24   1               UART_Input_First++;             // Update counter
  25   1            }
  26   1         }
  27   1      
  28   1         if (TI0 == 1)                   // Check if transmit flag is set
  29   1         {
  30   1            TI0 = 0; 
  31   1         }
  32   1         */
  33   1      
  34   1      /*
C51 COMPILER V9.53.0.0   UART                                                              08/14/2019 16:05:54 PAGE 2   

  35   1         if (TI0 == 1)                   // Check if transmit flag is set
  36   1         {
  37   1            TI0 = 0;                           // Clear interrupt flag
  38   1      
  39   1            if (UART_Buffer_Size != 1)         // If buffer not empty
  40   1            {
  41   1               // If a new word is being output
  42   1               if ( UART_Buffer_Size == UART_Input_First ) {
  43   1                    UART_Output_First = 0;  }
  44   1      
  45   1               // Store a character in the variable byte
  46   1               Byte = UART_Buffer[UART_Output_First];
  47   1      
  48   1               if ((Byte >= 0x61) && (Byte <= 0x7A)) { // If upper case letter
  49   1                  Byte -= 32; }
  50   1      
  51   1               SBUF0 = Byte;                   // Transmit to Hyperterminal
  52   1      
  53   1               UART_Output_First++;            // Update counter
  54   1      
  55   1               UART_Buffer_Size--;             // Decrease array size
  56   1      
  57   1            }
  58   1            else
  59   1            {
  60   1               UART_Buffer_Size = 0;            // Set the array size to 0
  61   1               TX_Ready = 1;                    // Indicate transmission complete
  62   1            }
  63   1         }
  64   1       */
  65   1      }

C51 COMPILATION COMPLETE.  0 WARNING(S),  21 ERROR(S)
